[debug] [2021-08-02T01:21:28.977Z] ----------------------------------------------------------------------
[debug] [2021-08-02T01:21:28.979Z] Command:       C:\Program Files\nodejs\node.exe C:\Users\adlym\AppData\Roaming\npm\node_modules\firebase-tools\lib\bin\firebase.js init firestore
[debug] [2021-08-02T01:21:28.980Z] CLI Version:   9.0.1
[debug] [2021-08-02T01:21:28.980Z] Platform:      win32
[debug] [2021-08-02T01:21:28.980Z] Node Version:  v12.18.3
[debug] [2021-08-02T01:21:28.981Z] Time:          Mon Aug 02 2021 08:21:28 GMT+0700 (Indochina Time)
[debug] [2021-08-02T01:21:28.981Z] ----------------------------------------------------------------------
[debug] [2021-08-02T01:21:28.981Z] 
[debug] [2021-08-02T01:21:28.994Z] > command requires scopes: ["email","openid","https://www.googleapis.com/auth/cloudplatformprojects.readonly","https://www.googleapis.com/auth/firebase","https://www.googleapis.com/auth/cloud-platform"]
[debug] [2021-08-02T01:21:28.995Z] > authorizing via signed-in user
[info] 
     ######## #### ########  ######## ########     ###     ######  ########
     ##        ##  ##     ## ##       ##     ##  ##   ##  ##       ##
     ######    ##  ########  ######   ########  #########  ######  ######
     ##        ##  ##    ##  ##       ##     ## ##     ##       ## ##
     ##       #### ##     ## ######## ########  ##     ##  ######  ########

You're about to initialize a Firebase project in this directory:

  H:\Project\Arvis-Test\praktis-react-02

Before we get started, keep in mind:

  * You are initializing in an existing Firebase project directory

[info] 
=== Project Setup
[info] 
[info] First, let's associate this project directory with a Firebase project.
[info] You can create multiple project aliases by running firebase use --add, 
[info] but for now we'll just set up a default project.
[info] 
[info] i  .firebaserc already has a default project, using arvis-test-project. 
[debug] [2021-08-02T01:21:34.212Z] >>> HTTP REQUEST GET https://firebase.googleapis.com/v1beta1/projects/arvis-test-project  
 
[debug] [2021-08-02T01:21:34.660Z] <<< HTTP RESPONSE 200 {"content-type":"application/json; charset=UTF-8","vary":"X-Origin, Referer, Origin,Accept-Encoding","date":"Mon, 02 Aug 2021 01:21:34 GMT","server":"ESF","cache-control":"private","x-xss-protection":"0","x-frame-options":"SAMEORIGIN","x-content-type-options":"nosniff","alt-svc":"h3=\":443\"; ma=2592000,h3-29=\":443\"; ma=2592000,h3-T051=\":443\"; ma=2592000,h3-Q050=\":443\"; ma=2592000,h3-Q046=\":443\"; ma=2592000,h3-Q043=\":443\"; ma=2592000,quic=\":443\"; ma=2592000; v=\"46,43\"","accept-ranges":"none","transfer-encoding":"chunked"}
[info] 
=== Firestore Setup
[debug] [2021-08-02T01:21:34.667Z] >>> HTTP REQUEST GET https://serviceusage.googleapis.com/v1/projects/arvis-test-project/services/firestore.googleapis.com  
 
[debug] [2021-08-02T01:21:36.176Z] <<< HTTP RESPONSE 200 {"content-type":"application/json; charset=UTF-8","vary":"X-Origin, Referer, Origin,Accept-Encoding","date":"Mon, 02 Aug 2021 01:21:35 GMT","server":"ESF","cache-control":"private","x-xss-protection":"0","x-frame-options":"SAMEORIGIN","x-content-type-options":"nosniff","alt-svc":"h3=\":443\"; ma=2592000,h3-29=\":443\"; ma=2592000,h3-T051=\":443\"; ma=2592000,h3-Q050=\":443\"; ma=2592000,h3-Q046=\":443\"; ma=2592000,h3-Q043=\":443\"; ma=2592000,quic=\":443\"; ma=2592000; v=\"46,43\"","accept-ranges":"none","transfer-encoding":"chunked"}
[debug] [2021-08-02T01:21:36.178Z] >>> HTTP REQUEST GET https://appengine.googleapis.com/v1/apps/arvis-test-project  
 
[debug] [2021-08-02T01:21:36.488Z] <<< HTTP RESPONSE 200 {"content-type":"application/json; charset=UTF-8","vary":"X-Origin, Referer, Origin,Accept-Encoding","date":"Mon, 02 Aug 2021 01:21:36 GMT","server":"ESF","cache-control":"private","x-xss-protection":"0","x-frame-options":"SAMEORIGIN","x-content-type-options":"nosniff","alt-svc":"h3=\":443\"; ma=2592000,h3-29=\":443\"; ma=2592000,h3-T051=\":443\"; ma=2592000,h3-Q050=\":443\"; ma=2592000,h3-Q046=\":443\"; ma=2592000,h3-Q043=\":443\"; ma=2592000,quic=\":443\"; ma=2592000; v=\"46,43\"","accept-ranges":"none","transfer-encoding":"chunked"}
[debug] [2021-08-02T01:21:36.489Z] database_type: CLOUD_FIRESTORE
[debug] [2021-08-02T01:21:36.490Z] > command requires scopes: ["email","openid","https://www.googleapis.com/auth/cloudplatformprojects.readonly","https://www.googleapis.com/auth/firebase","https://www.googleapis.com/auth/cloud-platform"]
[debug] [2021-08-02T01:21:36.492Z] > authorizing via signed-in user
[debug] [2021-08-02T01:21:36.493Z] [iam] checking project arvis-test-project for permissions ["firebase.projects.get"]
[debug] [2021-08-02T01:21:36.494Z] >>> HTTP REQUEST POST https://cloudresourcemanager.googleapis.com/v1/projects/arvis-test-project:testIamPermissions  
 {"permissions":["firebase.projects.get"]}
[debug] [2021-08-02T01:21:37.655Z] <<< HTTP RESPONSE 200 {"content-type":"application/json; charset=UTF-8","vary":"X-Origin, Referer, Origin,Accept-Encoding","date":"Mon, 02 Aug 2021 01:21:37 GMT","server":"ESF","cache-control":"private","x-xss-protection":"0","x-frame-options":"SAMEORIGIN","x-content-type-options":"nosniff","server-timing":"gfet4t7; dur=1003","alt-svc":"h3=\":443\"; ma=2592000,h3-29=\":443\"; ma=2592000,h3-T051=\":443\"; ma=2592000,h3-Q050=\":443\"; ma=2592000,h3-Q046=\":443\"; ma=2592000,h3-Q043=\":443\"; ma=2592000,quic=\":443\"; ma=2592000; v=\"46,43\"","accept-ranges":"none","transfer-encoding":"chunked"}
[info] 
[info] Firestore Security Rules allow you to define how and when to allow
[info] requests. You can keep these rules in your project directory
[info] and publish them with firebase deploy.
[info] 
